Determining if the pthread_create exist failed with the following output:
Change Dir: /home/milab/catkin_ws/src/frame_tracking/build/CMakeFiles/CMakeTmp

Run Build Command:"/usr/bin/make" "cmTC_57f3a/fast"
/usr/bin/make -f CMakeFiles/cmTC_57f3a.dir/build.make CMakeFiles/cmTC_57f3a.dir/build
make[1]: Entering directory '/home/milab/catkin_ws/src/frame_tracking/build/CMakeFiles/CMakeTmp'
Building C object CMakeFiles/cmTC_57f3a.dir/CheckSymbolExists.c.o
/usr/bin/gcc-7    -o CMakeFiles/cmTC_57f3a.dir/CheckSymbolExists.c.o   -c /home/milab/catkin_ws/src/frame_tracking/build/CMakeFiles/CMakeTmp/CheckSymbolExists.c
Linking C executable cmTC_57f3a
/usr/bin/cmake -E cmake_link_script CMakeFiles/cmTC_57f3a.dir/link.txt --verbose=1
/usr/bin/gcc-7      -rdynamic CMakeFiles/cmTC_57f3a.dir/CheckSymbolExists.c.o  -o cmTC_57f3a 
CMakeFiles/cmTC_57f3a.dir/CheckSymbolExists.c.o: In function `main':
CheckSymbolExists.c:(.text+0x1b): undefined reference to `pthread_create'
collect2: error: ld returned 1 exit status
CMakeFiles/cmTC_57f3a.dir/build.make:97: recipe for target 'cmTC_57f3a' failed
make[1]: *** [cmTC_57f3a] Error 1
make[1]: Leaving directory '/home/milab/catkin_ws/src/frame_tracking/build/CMakeFiles/CMakeTmp'
Makefile:126: recipe for target 'cmTC_57f3a/fast' failed
make: *** [cmTC_57f3a/fast] Error 2

File /home/milab/catkin_ws/src/frame_tracking/build/CMakeFiles/CMakeTmp/CheckSymbolExists.c:
/* */
#include <pthread.h>

int main(int argc, char** argv)
{
  (void)argv;
#ifndef pthread_create
  return ((int*)(&pthread_create))[argc];
#else
  (void)argc;
  return 0;
#endif
}

Determining if the function pthread_create exists in the pthreads failed with the following output:
Change Dir: /home/milab/catkin_ws/src/frame_tracking/build/CMakeFiles/CMakeTmp

Run Build Command:"/usr/bin/make" "cmTC_1892c/fast"
/usr/bin/make -f CMakeFiles/cmTC_1892c.dir/build.make CMakeFiles/cmTC_1892c.dir/build
make[1]: Entering directory '/home/milab/catkin_ws/src/frame_tracking/build/CMakeFiles/CMakeTmp'
Building C object CMakeFiles/cmTC_1892c.dir/CheckFunctionExists.c.o
/usr/bin/gcc-7   -DCHECK_FUNCTION_EXISTS=pthread_create   -o CMakeFiles/cmTC_1892c.dir/CheckFunctionExists.c.o   -c /usr/share/cmake-3.10/Modules/CheckFunctionExists.c
Linking C executable cmTC_1892c
/usr/bin/cmake -E cmake_link_script CMakeFiles/cmTC_1892c.dir/link.txt --verbose=1
/usr/bin/gcc-7  -DCHECK_FUNCTION_EXISTS=pthread_create    -rdynamic CMakeFiles/cmTC_1892c.dir/CheckFunctionExists.c.o  -o cmTC_1892c -lpthreads 
/usr/bin/ld: cannot find -lpthreads
collect2: error: ld returned 1 exit status
CMakeFiles/cmTC_1892c.dir/build.make:97: recipe for target 'cmTC_1892c' failed
make[1]: *** [cmTC_1892c] Error 1
make[1]: Leaving directory '/home/milab/catkin_ws/src/frame_tracking/build/CMakeFiles/CMakeTmp'
Makefile:126: recipe for target 'cmTC_1892c/fast' failed
make: *** [cmTC_1892c/fast] Error 2


